<?xml version="1.0" encoding="UTF-8"?>
<!-- Generated by org.testng.reporters.JUnitReportReporter -->
<testsuite skipped="0" hostname="NIKASH-PC" name="testNG.Google_lang_selection" tests="2" failures="0" timestamp="21 Jul 2017 11:50:24 GMT" time="6.295" errors="0">
  <testcase name="a" time="3.251" classname="testNG.Google_lang_selection"/>
  <testcase name="b" time="3.044" classname="testNG.Google_lang_selection"/>
</testsuite> <!-- testNG.Google_lang_selection -->
