<?xml version="1.0" encoding="UTF-8"?>
<!-- Generated by org.testng.reporters.JUnitReportReporter -->
<testsuite skipped="0" hostname="NIKASH-PC" name="testNG.JavaScriptClass" tests="1" failures="0" timestamp="20 Dec 2017 12:25:30 GMT" time="0.032" errors="0">
  <testcase name="test1" time="0.032" classname="testNG.JavaScriptClass"/>
</testsuite> <!-- testNG.JavaScriptClass -->
