<?xml version="1.0" encoding="UTF-8"?>
<!-- Generated by org.testng.reporters.JUnitReportReporter -->
<testsuite skipped="0" hostname="NIKASH-PC" name="testNG.OnlineSelenium" tests="1" failures="0" timestamp="03 Nov 2017 11:46:29 GMT" time="20.200" errors="0">
  <testcase name="test1" time="20.200" classname="testNG.OnlineSelenium"/>
</testsuite> <!-- testNG.OnlineSelenium -->
