<?xml version="1.0" encoding="UTF-8"?>
<!-- Generated by org.testng.reporters.JUnitReportReporter -->
<testsuite skipped="0" hostname="NIKASH-PC" name="testNG.Poi_ReadExcelFile" tests="1" failures="0" timestamp="20 Aug 2017 11:47:33 GMT" time="7.761" errors="0">
  <testcase name="f" time="7.761" classname="testNG.Poi_ReadExcelFile"/>
</testsuite> <!-- testNG.Poi_ReadExcelFile -->
