<?xml version="1.0" encoding="UTF-8"?>
<!-- Generated by org.testng.reporters.JUnitReportReporter -->
<testsuite skipped="0" hostname="NIKASH-PC" name="testNG.TestCase5" tests="1" failures="0" timestamp="16 Jan 2018 11:53:20 GMT" time="8.239" errors="0">
  <testcase name="verifyWishListFunctionality" time="8.239" classname="testNG.TestCase5"/>
</testsuite> <!-- testNG.TestCase5 -->
