<?xml version="1.0" encoding="UTF-8"?>
<!-- Generated by org.testng.reporters.JUnitReportReporter -->
<testsuite skipped="0" hostname="NIKASH-PC" name="testNG.Spicejet_Datepicker" tests="1" failures="0" timestamp="10 Aug 2017 06:29:07 GMT" time="1.905" errors="0">
  <testcase name="f" time="1.905" classname="testNG.Spicejet_Datepicker"/>
</testsuite> <!-- testNG.Spicejet_Datepicker -->
