<?xml version="1.0" encoding="UTF-8"?>
<!-- Generated by org.testng.reporters.JUnitReportReporter -->
<testsuite skipped="0" hostname="NIKASH-PC" name="pom.Spicejet_2waysearch_testscript1" tests="1" failures="0" timestamp="23 Jul 2017 16:28:09 GMT" time="118.142" errors="0">
  <testcase name="test1" time="118.142" classname="pom.Spicejet_2waysearch_testscript1"/>
</testsuite> <!-- pom.Spicejet_2waysearch_testscript1 -->
