<?xml version="1.0" encoding="UTF-8"?>
<!-- Generated by org.testng.reporters.JUnitReportReporter -->
<testsuite skipped="3" hostname="NIKASH-PC" name="testNG.Webtable_HMS" tests="4" failures="0" timestamp="26 Jul 2017 12:10:49 GMT" time="7.490" errors="0">
  <testcase name="test4" time="7.490" classname="testNG.Webtable_HMS"/>
  <testcase name="test1" classname="testNG.Webtable_HMS">
    <skipped/>
  </testcase> <!-- test1 -->
  <testcase name="test2" classname="testNG.Webtable_HMS">
    <skipped/>
  </testcase> <!-- test2 -->
  <testcase name="test3" classname="testNG.Webtable_HMS">
    <skipped/>
  </testcase> <!-- test3 -->
</testsuite> <!-- testNG.Webtable_HMS -->
