<?xml version="1.0" encoding="UTF-8"?>
<!-- Generated by org.testng.reporters.JUnitReportReporter -->
<testsuite skipped="0" hostname="NIKASH-PC" name="hms.HmsLogin" tests="4" failures="0" timestamp="06 Dec 2017 16:20:28 GMT" time="34.262" errors="0">
  <testcase name="testLogin" time="4.875" classname="hms.HmsLogin"/>
  <testcase name="testLogin" time="12.600" classname="hms.HmsLogin"/>
  <testcase name="testLogin" time="12.669" classname="hms.HmsLogin"/>
  <testcase name="testLogin" time="4.118" classname="hms.HmsLogin"/>
</testsuite> <!-- hms.HmsLogin -->
