<?xml version="1.0" encoding="UTF-8"?>
<!-- Generated by org.testng.reporters.JUnitReportReporter -->
<testsuite skipped="0" hostname="NIKASH-PC" name="ioStreams_Files.HMS_login_Testdata" tests="1" failures="0" timestamp="30 Jul 2017 09:46:18 GMT" time="19.625" errors="0">
  <testcase name="f" time="19.625" classname="ioStreams_Files.HMS_login_Testdata"/>
</testsuite> <!-- ioStreams_Files.HMS_login_Testdata -->
