<?xml version="1.0" encoding="UTF-8"?>
<!-- Generated by org.testng.reporters.JUnitReportReporter -->
<testsuite skipped="0" hostname="NIKASH-PC" name="pom.Gmail_Testscript1" tests="2" failures="0" timestamp="23 Jul 2017 16:28:09 GMT" time="90.851" errors="0">
  <testcase name="test1" time="47.041" classname="pom.Gmail_Testscript1"/>
  <testcase name="test1" time="43.810" classname="pom.Gmail_Testscript1"/>
</testsuite> <!-- pom.Gmail_Testscript1 -->
