<?xml version="1.0" encoding="UTF-8"?>
<!-- Generated by org.testng.reporters.JUnitReportReporter -->
<testsuite skipped="1" hostname="NIKASH-PC" name="testNG.Print_Dropdown_locators_collection" tests="2" failures="0" timestamp="28 Jul 2017 06:45:41 GMT" time="0.229" errors="0">
  <testcase name="hmsdropdown" time="0.229" classname="testNG.Print_Dropdown_locators_collection"/>
  <testcase name="spicejetdropdown" classname="testNG.Print_Dropdown_locators_collection">
    <skipped/>
  </testcase> <!-- spicejetdropdown -->
</testsuite> <!-- testNG.Print_Dropdown_locators_collection -->
