<?xml version="1.0" encoding="UTF-8"?>
<!-- Generated by org.testng.reporters.JUnitReportReporter -->
<testsuite skipped="1" hostname="NIKASH-PC" name="testNG.CookieHandle" tests="2" failures="0" timestamp="27 Oct 2017 12:42:13 GMT" time="0.025" errors="0">
  <testcase name="f" time="0.025" classname="testNG.CookieHandle"/>
  <testcase name="f1" classname="testNG.CookieHandle">
    <skipped/>
  </testcase> <!-- f1 -->
</testsuite> <!-- testNG.CookieHandle -->
