<?xml version="1.0" encoding="UTF-8"?>
<!-- Generated by org.testng.reporters.JUnitReportReporter -->
<testsuite skipped="0" hostname="NIKASH-PC" name="testNG.TestCase3" tests="1" failures="0" timestamp="13 Jan 2018 06:42:41 GMT" time="7.626" errors="0">
  <testcase name="verifyMoreProductCannotBeAddedThanAvailable" time="7.626" classname="testNG.TestCase3"/>
</testsuite> <!-- testNG.TestCase3 -->
