<?xml version="1.0" encoding="UTF-8"?>
<!-- Generated by org.testng.reporters.JUnitReportReporter -->
<testsuite skipped="0" hostname="NIKASH-PC" name="page_object_model.ERP_Login_Testscript1" tests="1" failures="0" timestamp="05 Aug 2017 15:14:52 GMT" time="31.597" errors="0">
  <testcase name="test1" time="31.597" classname="page_object_model.ERP_Login_Testscript1"/>
</testsuite> <!-- page_object_model.ERP_Login_Testscript1 -->
