<?xml version="1.0" encoding="UTF-8"?>
<!-- Generated by org.testng.reporters.JUnitReportReporter -->
<testsuite skipped="1" hostname="NIKASH-PC" name="testNG.XLSheetDataProvider" tests="2" failures="0" timestamp="14 Dec 2017 09:07:38 GMT" time="2.125" errors="0">
  <testcase name="testDropdown" time="2.125" classname="testNG.XLSheetDataProvider"/>
  <testcase name="testLogin" classname="testNG.XLSheetDataProvider">
    <skipped/>
  </testcase> <!-- testLogin -->
</testsuite> <!-- testNG.XLSheetDataProvider -->
