<?xml version="1.0" encoding="UTF-8"?>
<!-- Generated by org.testng.reporters.JUnitReportReporter -->
<testsuite skipped="1" hostname="NIKASH-PC" name="testNG.TestSearchbox" tests="3" failures="0" timestamp="16 Dec 2017 13:40:23 GMT" time="14.162" errors="0">
  <testcase name="test1" time="10.617" classname="testNG.TestSearchbox"/>
  <testcase name="test3" time="3.545" classname="testNG.TestSearchbox"/>
  <testcase name="test2" classname="testNG.TestSearchbox">
    <skipped/>
  </testcase> <!-- test2 -->
</testsuite> <!-- testNG.TestSearchbox -->
