<?xml version="1.0" encoding="UTF-8"?>
<!-- Generated by org.testng.reporters.JUnitReportReporter -->
<testsuite skipped="0" hostname="NIKASH-PC" name="ioStreams_Files.Xl_testdata_hms" tests="1" failures="0" timestamp="30 Jul 2017 03:48:52 GMT" time="0.194" errors="0">
  <testcase name="f" time="0.194" classname="ioStreams_Files.Xl_testdata_hms"/>
</testsuite> <!-- ioStreams_Files.Xl_testdata_hms -->
