<?xml version="1.0" encoding="UTF-8"?>
<!-- Generated by org.testng.reporters.JUnitReportReporter -->
<testsuite skipped="0" hostname="NIKASH-PC" name="testNG.IfameHandle" tests="1" failures="0" timestamp="29 Oct 2017 14:04:52 GMT" time="4.331" errors="0">
  <testcase name="f" time="4.331" classname="testNG.IfameHandle"/>
</testsuite> <!-- testNG.IfameHandle -->
