<?xml version="1.0" encoding="UTF-8"?>
<!-- Generated by org.testng.reporters.JUnitReportReporter -->
<testsuite skipped="0" hostname="NIKASH-PC" name="ioStreams_Files.Creat_xlfile" tests="2" failures="0" timestamp="31 Jul 2017 05:54:39 GMT" time="0.172" errors="0">
  <testcase name="creatfile" time="0.124" classname="ioStreams_Files.Creat_xlfile"/>
  <testcase name="read_xlfile" time="0.048" classname="ioStreams_Files.Creat_xlfile"/>
</testsuite> <!-- ioStreams_Files.Creat_xlfile -->
