<?xml version="1.0" encoding="UTF-8"?>
<!-- Generated by org.testng.reporters.JUnitReportReporter -->
<testsuite skipped="0" hostname="NIKASH-PC" name="testNG.Ajaxcontrol_HMS" tests="1" failures="0" timestamp="27 Jul 2017 07:10:34 GMT" time="4.487" errors="0">
  <testcase name="test1" time="4.487" classname="testNG.Ajaxcontrol_HMS"/>
</testsuite> <!-- testNG.Ajaxcontrol_HMS -->
