<?xml version="1.0" encoding="UTF-8"?>
<!-- Generated by org.testng.reporters.JUnitReportReporter -->
<testsuite skipped="0" hostname="NIKASH-PC" name="testNG.Print_Labels_PRpage_HMS" tests="1" failures="0" timestamp="28 Jul 2017 13:18:33 GMT" time="2.026" errors="0">
  <testcase name="f" time="2.026" classname="testNG.Print_Labels_PRpage_HMS"/>
</testsuite> <!-- testNG.Print_Labels_PRpage_HMS -->
