<?xml version="1.0" encoding="UTF-8"?>
<!-- Generated by org.testng.reporters.JUnitReportReporter -->
<testsuite skipped="0" hostname="NIKASH-PC" name="testNG.MysqlDatabase" tests="1" failures="0" timestamp="28 Dec 2017 04:14:09 GMT" time="0.219" errors="0">
  <testcase name="test1" time="0.219" classname="testNG.MysqlDatabase"/>
</testsuite> <!-- testNG.MysqlDatabase -->
