<?xml version="1.0" encoding="UTF-8"?>
<!-- Generated by org.testng.reporters.JUnitReportReporter -->
<testsuite skipped="0" hostname="NIKASH-PC" name="testNG.VerifyCostOfTheProduct" tests="1" failures="0" timestamp="12 Jan 2018 14:49:45 GMT" time="3.126" errors="0">
  <testcase name="verifyCostOfTheProductIsEqualInListAndDetailsPage" time="3.126" classname="testNG.VerifyCostOfTheProduct"/>
</testsuite> <!-- testNG.VerifyCostOfTheProduct -->
