<?xml version="1.0" encoding="UTF-8"?>
<!-- Generated by org.testng.reporters.JUnitReportReporter -->
<testsuite skipped="1" hostname="NIKASH-PC" name="ioStreams_Files.Creat_htmlfile" tests="2" failures="0" timestamp="20 Aug 2017 09:25:35 GMT" time="0.011" errors="0">
  <testcase name="createfile" time="0.011" classname="ioStreams_Files.Creat_htmlfile"/>
  <testcase name="creatfile2" classname="ioStreams_Files.Creat_htmlfile">
    <skipped/>
  </testcase> <!-- creatfile2 -->
</testsuite> <!-- ioStreams_Files.Creat_htmlfile -->
