<?xml version="1.0" encoding="UTF-8"?>
<!-- Generated by org.testng.reporters.JUnitReportReporter -->
<testsuite skipped="0" hostname="NIKASH-PC" name="ioStreams_Files.HMS_Login_htmlreport" tests="1" failures="0" timestamp="31 Jul 2017 05:42:07 GMT" time="6.913" errors="0">
  <testcase name="f" time="6.913" classname="ioStreams_Files.HMS_Login_htmlreport"/>
</testsuite> <!-- ioStreams_Files.HMS_Login_htmlreport -->
