<?xml version="1.0" encoding="UTF-8"?>
<!-- Generated by org.testng.reporters.JUnitReportReporter -->
<testsuite skipped="0" hostname="NIKASH-PC" name="testNG.Admissionadvice_collection" tests="2" failures="0" timestamp="10 Dec 2017 06:34:42 GMT" time="0.002" errors="0">
  <testcase name="test1" time="0.001" classname="testNG.Admissionadvice_collection"/>
  <testcase name="test2" time="0.001" classname="testNG.Admissionadvice_collection"/>
</testsuite> <!-- testNG.Admissionadvice_collection -->
