<?xml version="1.0" encoding="UTF-8"?>
<!-- Generated by org.testng.reporters.JUnitReportReporter -->
<testsuite skipped="0" hostname="NIKASH-PC" name="testNG.Permanentregistration_Registrationsearch_Collection" tests="1" failures="0" timestamp="28 Jul 2017 12:39:02 GMT" time="14.067" errors="0">
  <testcase name="f" time="14.067" classname="testNG.Permanentregistration_Registrationsearch_Collection"/>
</testsuite> <!-- testNG.Permanentregistration_Registrationsearch_Collection -->
