<?xml version="1.0" encoding="UTF-8"?>
<!-- Generated by org.testng.reporters.JUnitReportReporter -->
<testsuite skipped="0" hostname="NIKASH-PC" name="testNG.Stringsplit_Spicejet" tests="1" failures="0" timestamp="26 Jul 2017 07:53:22 GMT" time="0.612" errors="0">
  <testcase name="splitstring" time="0.612" classname="testNG.Stringsplit_Spicejet"/>
</testsuite> <!-- testNG.Stringsplit_Spicejet -->
