<?xml version="1.0" encoding="UTF-8"?>
<!-- Generated by org.testng.reporters.JUnitReportReporter -->
<testsuite skipped="0" hostname="NIKASH-PC" name="testNG.Dynamic_Window" tests="1" failures="0" timestamp="08 Aug 2017 11:33:10 GMT" time="22.586" errors="0">
  <testcase name="f" time="22.586" classname="testNG.Dynamic_Window"/>
</testsuite> <!-- testNG.Dynamic_Window -->
