<?xml version="1.0" encoding="UTF-8"?>
<!-- Generated by org.testng.reporters.JUnitReportReporter -->
<testsuite skipped="0" hostname="NIKASH-PC" name="testNG.Gettext_method" tests="2" failures="0" timestamp="10 Dec 2017 06:34:42 GMT" time="0.006" errors="0">
  <testcase name="test1" time="0.005" classname="testNG.Gettext_method"/>
  <testcase name="test3" time="0.001" classname="testNG.Gettext_method"/>
</testsuite> <!-- testNG.Gettext_method -->
