<?xml version="1.0" encoding="UTF-8"?>
<!-- Generated by org.testng.reporters.JUnitReportReporter -->
<testsuite skipped="0" hostname="NIKASH-PC" name="testNG.Windowtable_Spicejetdatepicker" tests="1" failures="0" timestamp="26 Jul 2017 15:43:36 GMT" time="7.377" errors="0">
  <testcase name="f" time="7.377" classname="testNG.Windowtable_Spicejetdatepicker"/>
</testsuite> <!-- testNG.Windowtable_Spicejetdatepicker -->
