<?xml version="1.0" encoding="UTF-8"?>
<!-- Generated by org.testng.reporters.JUnitReportReporter -->
<testsuite skipped="0" hostname="NIKASH-PC" name="testNG.Hms_screenshot" tests="2" failures="0" timestamp="21 Jul 2017 15:02:41 GMT" time="12.976" errors="0">
  <testcase name="atest1" time="8.505" classname="testNG.Hms_screenshot"/>
  <testcase name="btest2" time="4.471" classname="testNG.Hms_screenshot"/>
</testsuite> <!-- testNG.Hms_screenshot -->
