<?xml version="1.0" encoding="UTF-8"?>
<!-- Generated by org.testng.reporters.JUnitReportReporter -->
<testsuite skipped="0" hostname="NIKASH-PC" name="testNG.TestCase8" tests="1" failures="0" timestamp="18 Jan 2018 09:26:00 GMT" time="15.553" errors="0">
  <testcase name="f" time="15.553" classname="testNG.TestCase8"/>
</testsuite> <!-- testNG.TestCase8 -->
