<?xml version="1.0" encoding="UTF-8"?>
<!-- Generated by org.testng.reporters.JUnitReportReporter -->
<testsuite skipped="0" hostname="NIKASH-PC" name="page_object_model.HMS_PatientRegistration_Testscript2" tests="1" failures="0" timestamp="24 Jul 2017 05:35:21 GMT" time="16.813" errors="0">
  <testcase name="test01" time="16.813" classname="page_object_model.HMS_PatientRegistration_Testscript2"/>
</testsuite> <!-- page_object_model.HMS_PatientRegistration_Testscript2 -->
