<?xml version="1.0" encoding="UTF-8"?>
<!-- Generated by org.testng.reporters.JUnitReportReporter -->
<testsuite skipped="0" hostname="NIKASH-PC" name="testNG.HighlightElement" tests="1" failures="0" timestamp="28 Dec 2017 06:02:06 GMT" time="1.244" errors="0">
  <testcase name="test1" time="1.244" classname="testNG.HighlightElement"/>
</testsuite> <!-- testNG.HighlightElement -->
