<?xml version="1.0" encoding="UTF-8"?>
<!-- Generated by org.testng.reporters.JUnitReportReporter -->
<testsuite skipped="0" hostname="NIKASH-PC" name="testNG.TestCase6" tests="1" failures="0" timestamp="17 Jan 2018 06:46:08 GMT" time="14.203" errors="0">
  <testcase name="verifyUserIsAbleToPurchaseUsingRegisteredAccount" time="14.203" classname="testNG.TestCase6"/>
</testsuite> <!-- testNG.TestCase6 -->
