<?xml version="1.0" encoding="UTF-8"?>
<!-- Generated by org.testng.reporters.JUnitReportReporter -->
<testsuite skipped="0" hostname="NIKASH-PC" name="testNG.Ajaxcontrol_Googlesearch" tests="1" failures="0" timestamp="11 Dec 2017 06:29:04 GMT" time="6.613" errors="0">
  <testcase name="test1" time="6.613" classname="testNG.Ajaxcontrol_Googlesearch"/>
</testsuite> <!-- testNG.Ajaxcontrol_Googlesearch -->
