<?xml version="1.0" encoding="UTF-8"?>
<!-- Generated by org.testng.reporters.JUnitReportReporter -->
<testsuite skipped="0" hostname="NIKASH-PC" name="hms.NewTest" tests="1" failures="0" timestamp="08 Feb 2018 04:32:07 GMT" time="0.121" errors="0">
  <testcase name="verifysendkeysFuction" time="0.121" classname="hms.NewTest"/>
</testsuite> <!-- hms.NewTest -->
