<?xml version="1.0" encoding="UTF-8"?>
<!-- Generated by org.testng.reporters.JUnitReportReporter -->
<testsuite skipped="0" hostname="NIKASH-PC" name="ioStreams_Files.Read_Write_Xlfile" tests="1" failures="0" timestamp="30 Jul 2017 07:35:48 GMT" time="0.168" errors="0">
  <testcase name="f" time="0.168" classname="ioStreams_Files.Read_Write_Xlfile"/>
</testsuite> <!-- ioStreams_Files.Read_Write_Xlfile -->
