<?xml version="1.0" encoding="UTF-8"?>
<!-- Generated by org.testng.reporters.JUnitReportReporter -->
<testsuite skipped="0" hostname="NIKASH-PC" name="testNG.VerifyItemSortedByName" tests="3" failures="0" timestamp="12 Jan 2018 03:55:58 GMT" time="2.705" errors="0">
  <testcase name="verifyTitleOfHomePage" time="0.018" classname="testNG.VerifyItemSortedByName"/>
  <testcase name="verifyTitleOfMobileListPage" time="1.772" classname="testNG.VerifyItemSortedByName"/>
  <testcase name="verifyProductsSortedByName" time="0.915" classname="testNG.VerifyItemSortedByName"/>
</testsuite> <!-- testNG.VerifyItemSortedByName -->
