<?xml version="1.0" encoding="UTF-8"?>
<!-- Generated by org.testng.reporters.JUnitReportReporter -->
<testsuite skipped="0" hostname="NIKASH-PC" name="ioStreams_Files.Writing_txt_file" tests="2" failures="0" timestamp="29 Jul 2017 16:11:57 GMT" time="0.014" errors="0">
  <testcase name="readtxtfile" time="0.002" classname="ioStreams_Files.Writing_txt_file"/>
  <testcase name="Write" time="0.012" classname="ioStreams_Files.Writing_txt_file"/>
</testsuite> <!-- ioStreams_Files.Writing_txt_file -->
