<?xml version="1.0" encoding="UTF-8"?>
<!-- Generated by org.testng.reporters.JUnitReportReporter -->
<testsuite skipped="0" hostname="NIKASH-PC" name="testNG.Print_textbox_radiobutton_checkbox_collection" tests="1" failures="0" timestamp="31 Jul 2017 17:22:38 GMT" time="0.366" errors="0">
  <testcase name="test1" time="0.366" classname="testNG.Print_textbox_radiobutton_checkbox_collection"/>
</testsuite> <!-- testNG.Print_textbox_radiobutton_checkbox_collection -->
