<?xml version="1.0" encoding="UTF-8"?>
<!-- Generated by org.testng.reporters.JUnitReportReporter -->
<testsuite skipped="0" hostname="NIKASH-PC" name="testNG.Windowtable_Spicejet" tests="1" failures="0" timestamp="26 Jul 2017 07:56:38 GMT" time="4.022" errors="0">
  <testcase name="splitstring" time="4.022" classname="testNG.Windowtable_Spicejet"/>
</testsuite> <!-- testNG.Windowtable_Spicejet -->
