<?xml version="1.0" encoding="UTF-8"?>
<!-- Generated by org.testng.reporters.JUnitReportReporter -->
<testsuite skipped="0" hostname="NIKASH-PC" name="pom.ERP_Login_Testscript1" tests="1" failures="0" timestamp="23 Jul 2017 16:28:09 GMT" time="38.392" errors="0">
  <testcase name="test1" time="38.392" classname="pom.ERP_Login_Testscript1"/>
</testsuite> <!-- pom.ERP_Login_Testscript1 -->
