<?xml version="1.0" encoding="UTF-8"?>
<!-- Generated by org.testng.reporters.JUnitReportReporter -->
<testsuite skipped="0" hostname="NIKASH-PC" name="testNG.Default_Dropdownvalue" tests="1" failures="0" timestamp="08 Aug 2017 14:09:17 GMT" time="0.625" errors="0">
  <testcase name="checkdefaultvalue" time="0.625" classname="testNG.Default_Dropdownvalue"/>
</testsuite> <!-- testNG.Default_Dropdownvalue -->
