<?xml version="1.0" encoding="UTF-8"?>
<!-- Generated by org.testng.reporters.JUnitReportReporter -->
<testsuite skipped="0" hostname="NIKASH-PC" name="ioStreams_Files.practice_writefile" tests="1" failures="0" timestamp="31 Jul 2017 15:04:37 GMT" time="0.165" errors="0">
  <testcase name="f" time="0.165" classname="ioStreams_Files.practice_writefile"/>
</testsuite> <!-- ioStreams_Files.practice_writefile -->
