<?xml version="1.0" encoding="UTF-8"?>
<!-- Generated by org.testng.reporters.JUnitReportReporter -->
<testsuite skipped="0" hostname="NIKASH-PC" name="testNG.TestCase4" tests="1" failures="0" timestamp="14 Jan 2018 12:45:30 GMT" time="6.315" errors="0">
  <testcase name="verifyCompareProductPopup" time="6.315" classname="testNG.TestCase4"/>
</testsuite> <!-- testNG.TestCase4 -->
