<?xml version="1.0" encoding="UTF-8"?>
<!-- Generated by org.testng.reporters.JUnitReportReporter -->
<testsuite skipped="0" hostname="NIKASH-PC" name="testNG.Spicejet_validation" tests="1" failures="0" timestamp="10 Aug 2017 07:36:28 GMT" time="0.367" errors="0">
  <testcase name="f" time="0.367" classname="testNG.Spicejet_validation"/>
</testsuite> <!-- testNG.Spicejet_validation -->
