<?xml version="1.0" encoding="UTF-8"?>
<!-- Generated by org.testng.reporters.JUnitReportReporter -->
<testsuite skipped="1" hostname="NIKASH-PC" name="testNG.Explicitwait" tests="2" failures="0" timestamp="10 Aug 2017 05:44:09 GMT" time="35.664" errors="0">
  <testcase name="spicejet" time="35.664" classname="testNG.Explicitwait"/>
  <testcase name="f" classname="testNG.Explicitwait">
    <skipped/>
  </testcase> <!-- f -->
</testsuite> <!-- testNG.Explicitwait -->
