<?xml version="1.0" encoding="UTF-8"?>
<!-- Generated by org.testng.reporters.JUnitReportReporter -->
<testsuite skipped="0" hostname="NIKASH-PC" name="testNG.NewTest" tests="1" failures="0" timestamp="03 Oct 2017 15:12:53 GMT" time="4.241" errors="0">
  <testcase name="test" time="4.241" classname="testNG.NewTest"/>
</testsuite> <!-- testNG.NewTest -->
