<?xml version="1.0" encoding="UTF-8"?>
<!-- Generated by org.testng.reporters.JUnitReportReporter -->
<testsuite skipped="0" hostname="NIKASH-PC" name="testNG.PR_Bloodgroupdropdown_HMS" tests="1" failures="0" timestamp="28 Jul 2017 14:55:00 GMT" time="2.435" errors="0">
  <testcase name="f" time="2.435" classname="testNG.PR_Bloodgroupdropdown_HMS"/>
</testsuite> <!-- testNG.PR_Bloodgroupdropdown_HMS -->
