<?xml version="1.0" encoding="UTF-8"?>
<!-- Generated by org.testng.reporters.JUnitReportReporter -->
<testsuite skipped="0" hostname="NIKASH-PC" name="pom.HMS_Admissionasdvice_Testscript1" tests="1" failures="0" timestamp="23 Jul 2017 07:22:36 GMT" time="18.641" errors="0">
  <testcase name="test1" time="18.641" classname="pom.HMS_Admissionasdvice_Testscript1"/>
</testsuite> <!-- pom.HMS_Admissionasdvice_Testscript1 -->
