<?xml version="1.0" encoding="UTF-8"?>
<!-- Generated by org.testng.reporters.JUnitReportReporter -->
<testsuite skipped="0" hostname="NIKASH-PC" name="testNG.Google_screenshot" tests="4" failures="0" timestamp="21 Jul 2017 11:55:14 GMT" time="20.257" errors="0">
  <testcase name="lang1" time="5.607" classname="testNG.Google_screenshot"/>
  <testcase name="lang3" time="5.012" classname="testNG.Google_screenshot"/>
  <testcase name="lang2" time="4.935" classname="testNG.Google_screenshot"/>
  <testcase name="lang4" time="4.703" classname="testNG.Google_screenshot"/>
</testsuite> <!-- testNG.Google_screenshot -->
